This is pdfTeX, Version 3.14159265-2.6-1.40.17 (TeX Live 2016) (preloaded format=pdflatex 2016.5.22)  30 AUG 2019 12:22
entering extended mode
 restricted \write18 enabled.
 %&-line parsing enabled.
**main.tex
(./main.tex
LaTeX2e <2016/03/31>
Babel <3.9r> and hyphenation patterns for 83 language(s) loaded.
(/usr/local/texlive/2016/texmf-dist/tex/latex/base/book.cls
Document Class: book 2014/09/29 v1.4h Standard LaTeX document class
(/usr/local/texlive/2016/texmf-dist/tex/latex/base/bk11.clo
File: bk11.clo 2014/09/29 v1.4h Standard LaTeX file (size option)
)
\c@part=\count79
\c@chapter=\count80
\c@section=\count81
\c@subsection=\count82
\c@subsubsection=\count83
\c@paragraph=\count84
\c@subparagraph=\count85
\c@figure=\count86
\c@table=\count87
\abovecaptionskip=\skip41
\belowcaptionskip=\skip42
\bibindent=\dimen102
)
(/usr/local/texlive/2016/texmf-dist/tex/latex/geometry/geometry.sty
Package: geometry 2010/09/12 v5.6 Page Geometry

(/usr/local/texlive/2016/texmf-dist/tex/latex/graphics/keyval.sty
Package: keyval 2014/10/28 v1.15 key=value parser (DPC)
\KV@toks@=\toks14
)
(/usr/local/texlive/2016/texmf-dist/tex/generic/oberdiek/ifpdf.sty
Package: ifpdf 2016/05/14 v3.1 Provides the ifpdf switch
)
(/usr/local/texlive/2016/texmf-dist/tex/generic/oberdiek/ifvtex.sty
Package: ifvtex 2016/05/16 v1.6 Detect VTeX and its facilities (HO)
Package ifvtex Info: VTeX not detected.
)
(/usr/local/texlive/2016/texmf-dist/tex/generic/ifxetex/ifxetex.sty
Package: ifxetex 2010/09/12 v0.6 Provides ifxetex conditional
)
\Gm@cnth=\count88
\Gm@cntv=\count89
\c@Gm@tempcnt=\count90
\Gm@bindingoffset=\dimen103
\Gm@wd@mp=\dimen104
\Gm@odd@mp=\dimen105
\Gm@even@mp=\dimen106
\Gm@layoutwidth=\dimen107
\Gm@layoutheight=\dimen108
\Gm@layouthoffset=\dimen109
\Gm@layoutvoffset=\dimen110
\Gm@dimlist=\toks15
)
(/usr/local/texlive/2016/texmf-dist/tex/latex/amsmath/amsmath.sty
Package: amsmath 2016/03/10 v2.15b AMS math features
\@mathmargin=\skip43

For additional information on amsmath, use the `?' option.
(/usr/local/texlive/2016/texmf-dist/tex/latex/amsmath/amstext.sty
Package: amstext 2000/06/29 v2.01 AMS text

(/usr/local/texlive/2016/texmf-dist/tex/latex/amsmath/amsgen.sty
File: amsgen.sty 1999/11/30 v2.0 generic functions
\@emptytoks=\toks16
\ex@=\dimen111
))
(/usr/local/texlive/2016/texmf-dist/tex/latex/amsmath/amsbsy.sty
Package: amsbsy 1999/11/29 v1.2d Bold Symbols
\pmbraise@=\dimen112
)
(/usr/local/texlive/2016/texmf-dist/tex/latex/amsmath/amsopn.sty
Package: amsopn 2016/03/08 v2.02 operator names
)
\inf@bad=\count91
LaTeX Info: Redefining \frac on input line 199.
\uproot@=\count92
\leftroot@=\count93
LaTeX Info: Redefining \overline on input line 297.
\classnum@=\count94
\DOTSCASE@=\count95
LaTeX Info: Redefining \ldots on input line 394.
LaTeX Info: Redefining \dots on input line 397.
LaTeX Info: Redefining \cdots on input line 518.
\Mathstrutbox@=\box26
\strutbox@=\box27
\big@size=\dimen113
LaTeX Font Info:    Redeclaring font encoding OML on input line 634.
LaTeX Font Info:    Redeclaring font encoding OMS on input line 635.
\macc@depth=\count96
\c@MaxMatrixCols=\count97
\dotsspace@=\muskip10
\c@parentequation=\count98
\dspbrk@lvl=\count99
\tag@help=\toks17
\row@=\count100
\column@=\count101
\maxfields@=\count102
\andhelp@=\toks18
\eqnshift@=\dimen114
\alignsep@=\dimen115
\tagshift@=\dimen116
\tagwidth@=\dimen117
\totwidth@=\dimen118
\lineht@=\dimen119
\@envbody=\toks19
\multlinegap=\skip44
\multlinetaggap=\skip45
\mathdisplay@stack=\toks20
LaTeX Info: Redefining \[ on input line 2739.
LaTeX Info: Redefining \] on input line 2740.
)
(/usr/local/texlive/2016/texmf-dist/tex/latex/amscls/amsthm.sty
Package: amsthm 2015/03/04 v2.20.2
\thm@style=\toks21
\thm@bodyfont=\toks22
\thm@headfont=\toks23
\thm@notefont=\toks24
\thm@headpunct=\toks25
\thm@preskip=\skip46
\thm@postskip=\skip47
\thm@headsep=\skip48
\dth@everypar=\toks26
)
(/usr/local/texlive/2016/texmf-dist/tex/latex/amsfonts/amssymb.sty
Package: amssymb 2013/01/14 v3.01 AMS font symbols

(/usr/local/texlive/2016/texmf-dist/tex/latex/amsfonts/amsfonts.sty
Package: amsfonts 2013/01/14 v3.01 Basic AMSFonts support
\symAMSa=\mathgroup4
\symAMSb=\mathgroup5
LaTeX Font Info:    Overwriting math alphabet `\mathfrak' in version `bold'
(Font)                  U/euf/m/n --> U/euf/b/n on input line 106.
))
(/usr/local/texlive/2016/texmf-dist/tex/latex/setspace/setspace.sty
Package: setspace 2011/12/19 v6.7a set line spacing
)
(/usr/local/texlive/2016/texmf-dist/tex/latex/hyperref/hyperref.sty
Package: hyperref 2016/05/05 v6.83n Hypertext links for LaTeX

(/usr/local/texlive/2016/texmf-dist/tex/generic/oberdiek/hobsub-hyperref.sty
Package: hobsub-hyperref 2016/05/16 v1.14 Bundle oberdiek, subset hyperref (HO)


(/usr/local/texlive/2016/texmf-dist/tex/generic/oberdiek/hobsub-generic.sty
Package: hobsub-generic 2016/05/16 v1.14 Bundle oberdiek, subset generic (HO)
Package: hobsub 2016/05/16 v1.14 Construct package bundles (HO)
Package: infwarerr 2016/05/16 v1.4 Providing info/warning/error messages (HO)
Package: ltxcmds 2016/05/16 v1.23 LaTeX kernel commands for general use (HO)
Package: ifluatex 2016/05/16 v1.4 Provides the ifluatex switch (HO)
Package ifluatex Info: LuaTeX not detected.
Package hobsub Info: Skipping package `ifvtex' (already loaded).
Package: intcalc 2016/05/16 v1.2 Expandable calculations with integers (HO)
Package hobsub Info: Skipping package `ifpdf' (already loaded).
Package: etexcmds 2016/05/16 v1.6 Avoid name clashes with e-TeX commands (HO)
Package etexcmds Info: Could not find \expanded.
(etexcmds)             That can mean that you are not using pdfTeX 1.50 or
(etexcmds)             that some package has redefined \expanded.
(etexcmds)             In the latter case, load this package earlier.
Package: kvsetkeys 2016/05/16 v1.17 Key value parser (HO)
Package: kvdefinekeys 2016/05/16 v1.4 Define keys (HO)
Package: pdftexcmds 2016/05/10 v0.21 Utility functions of pdfTeX for LuaTeX (HO
)
Package pdftexcmds Info: LuaTeX not detected.
Package pdftexcmds Info: \pdf@primitive is available.
Package pdftexcmds Info: \pdf@ifprimitive is available.
Package pdftexcmds Info: \pdfdraftmode found.
Package: pdfescape 2016/05/16 v1.14 Implements pdfTeX's escape features (HO)
Package: bigintcalc 2016/05/16 v1.4 Expandable calculations on big integers (HO
)
Package: bitset 2016/05/16 v1.2 Handle bit-vector datatype (HO)
Package: uniquecounter 2016/05/16 v1.3 Provide unlimited unique counter (HO)
)
Package hobsub Info: Skipping package `hobsub' (already loaded).
Package: letltxmacro 2016/05/16 v1.5 Let assignment for LaTeX macros (HO)
Package: hopatch 2016/05/16 v1.3 Wrapper for package hooks (HO)
Package: xcolor-patch 2016/05/16 xcolor patch
Package: atveryend 2016/05/16 v1.9 Hooks at the very end of document (HO)
Package atveryend Info: \enddocument detected (standard20110627).
Package: atbegshi 2016/05/16 v1.17 At begin shipout hook (HO)
Package: refcount 2016/05/16 v3.5 Data extraction from label references (HO)
Package: hycolor 2016/05/16 v1.8 Color options for hyperref/bookmark (HO)
)
(/usr/local/texlive/2016/texmf-dist/tex/latex/oberdiek/auxhook.sty
Package: auxhook 2016/05/16 v1.4 Hooks for auxiliary files (HO)
)
(/usr/local/texlive/2016/texmf-dist/tex/latex/oberdiek/kvoptions.sty
Package: kvoptions 2016/05/16 v3.12 Key value format for package options (HO)
)
\@linkdim=\dimen120
\Hy@linkcounter=\count103
\Hy@pagecounter=\count104

(/usr/local/texlive/2016/texmf-dist/tex/latex/hyperref/pd1enc.def
File: pd1enc.def 2016/05/05 v6.83n Hyperref: PDFDocEncoding definition (HO)
)
\Hy@SavedSpaceFactor=\count105

(/usr/local/texlive/2016/texmf-dist/tex/latex/latexconfig/hyperref.cfg
File: hyperref.cfg 2002/06/06 v1.2 hyperref configuration of TeXLive
)
Package hyperref Info: Hyper figures OFF on input line 4446.
Package hyperref Info: Link nesting OFF on input line 4451.
Package hyperref Info: Hyper index ON on input line 4454.
Package hyperref Info: Plain pages OFF on input line 4461.
Package hyperref Info: Backreferencing OFF on input line 4466.
Package hyperref Info: Implicit mode ON; LaTeX internals redefined.
Package hyperref Info: Bookmarks ON on input line 4691.
\c@Hy@tempcnt=\count106

(/usr/local/texlive/2016/texmf-dist/tex/latex/url/url.sty
\Urlmuskip=\muskip11
Package: url 2013/09/16  ver 3.4  Verb mode for urls, etc.
)
LaTeX Info: Redefining \url on input line 5044.
\XeTeXLinkMargin=\dimen121
\Fld@menulength=\count107
\Field@Width=\dimen122
\Fld@charsize=\dimen123
Package hyperref Info: Hyper figures OFF on input line 6298.
Package hyperref Info: Link nesting OFF on input line 6303.
Package hyperref Info: Hyper index ON on input line 6306.
Package hyperref Info: backreferencing OFF on input line 6313.
Package hyperref Info: Link coloring OFF on input line 6318.
Package hyperref Info: Link coloring with OCG OFF on input line 6323.
Package hyperref Info: PDF/A mode OFF on input line 6328.
LaTeX Info: Redefining \ref on input line 6368.
LaTeX Info: Redefining \pageref on input line 6372.
\Hy@abspage=\count108
\c@Item=\count109
\c@Hfootnote=\count110
)

Package hyperref Message: Driver (autodetected): hpdftex.

(/usr/local/texlive/2016/texmf-dist/tex/latex/hyperref/hpdftex.def
File: hpdftex.def 2016/05/05 v6.83n Hyperref driver for pdfTeX
\Fld@listcount=\count111
\c@bookmark@seq@number=\count112

(/usr/local/texlive/2016/texmf-dist/tex/latex/oberdiek/rerunfilecheck.sty
Package: rerunfilecheck 2016/05/16 v1.8 Rerun checks for auxiliary files (HO)
Package uniquecounter Info: New unique counter `rerunfilecheck' on input line 2
82.
)
\Hy@SectionHShift=\skip49
)
(/usr/local/texlive/2016/texmf-dist/tex/latex/physics/physics.sty
Package: physics 

(/usr/local/texlive/2016/texmf-dist/tex/latex/l3packages/xparse/xparse.sty
(/usr/local/texlive/2016/texmf-dist/tex/latex/l3kernel/expl3.sty
Package: expl3 2016/05/18 v6512 L3 programming layer (loader) 

(/usr/local/texlive/2016/texmf-dist/tex/latex/l3kernel/expl3-code.tex
Package: expl3 2016/05/18 v6512 L3 programming layer (code)
L3 Module: l3bootstrap 2016/02/12 v6412 L3 Bootstrap code
L3 Module: l3names 2016/03/11 v6433 L3 Namespace for primitives
L3 Module: l3basics 2015/11/22 v6315 L3 Basic definitions
L3 Module: l3expan 2015/09/10 v5983 L3 Argument expansion
L3 Module: l3tl 2016/03/26 v6465 L3 Token lists
L3 Module: l3str 2016/03/24 v6441 L3 Strings
L3 Module: l3seq 2015/08/05 v5777 L3 Sequences and stacks
L3 Module: l3int 2016/03/24 v6441 L3 Integers
\c_max_int=\count113
\l_tmpa_int=\count114
\l_tmpb_int=\count115
\g_tmpa_int=\count116
\g_tmpb_int=\count117
L3 Module: l3quark 2015/08/17 v5855 L3 Quarks
L3 Module: l3prg 2015/11/01 v6216 L3 Control structures
\g__prg_map_int=\count118
L3 Module: l3clist 2015/09/02 v5901 L3 Comma separated lists
L3 Module: l3token 2016/04/03 v6470 L3 Experimental token manipulation
L3 Module: l3prop 2016/01/05 v6366 L3 Property lists
L3 Module: l3msg 2016/03/26 v6464 L3 Messages
L3 Module: l3file 2016/03/25 v6458 L3 File and I/O operations
\l_iow_line_count_int=\count119
\l__iow_target_count_int=\count120
\l__iow_current_line_int=\count121
\l__iow_current_word_int=\count122
\l__iow_current_indentation_int=\count123
L3 Module: l3skip 2016/01/05 v6366 L3 Dimensions and skips
\c_zero_dim=\dimen124
\c_max_dim=\dimen125
\l_tmpa_dim=\dimen126
\l_tmpb_dim=\dimen127
\g_tmpa_dim=\dimen128
\g_tmpb_dim=\dimen129
\c_zero_skip=\skip50
\c_max_skip=\skip51
\l_tmpa_skip=\skip52
\l_tmpb_skip=\skip53
\g_tmpa_skip=\skip54
\g_tmpb_skip=\skip55
\c_zero_muskip=\muskip12
\c_max_muskip=\muskip13
\l_tmpa_muskip=\muskip14
\l_tmpb_muskip=\muskip15
\g_tmpa_muskip=\muskip16
\g_tmpb_muskip=\muskip17
L3 Module: l3keys 2015/11/17 v6284 L3 Key-value interfaces
\g__keyval_level_int=\count124
\l_keys_choice_int=\count125
L3 Module: l3fp 2016/03/26 v6465 L3 Floating points
\c__fp_leading_shift_int=\count126
\c__fp_middle_shift_int=\count127
\c__fp_trailing_shift_int=\count128
\c__fp_big_leading_shift_int=\count129
\c__fp_big_middle_shift_int=\count130
\c__fp_big_trailing_shift_int=\count131
\c__fp_Bigg_leading_shift_int=\count132
\c__fp_Bigg_middle_shift_int=\count133
\c__fp_Bigg_trailing_shift_int=\count134
L3 Module: l3box 2015/08/09 v5822 L3 Experimental boxes
\c_empty_box=\box28
\l_tmpa_box=\box29
\l_tmpb_box=\box30
\g_tmpa_box=\box31
\g_tmpb_box=\box32
L3 Module: l3coffins 2016/05/17 v6508 L3 Coffin code layer
\l__coffin_internal_box=\box33
\l__coffin_internal_dim=\dimen130
\l__coffin_offset_x_dim=\dimen131
\l__coffin_offset_y_dim=\dimen132
\l__coffin_x_dim=\dimen133
\l__coffin_y_dim=\dimen134
\l__coffin_x_prime_dim=\dimen135
\l__coffin_y_prime_dim=\dimen136
\c_empty_coffin=\box34
\l__coffin_aligned_coffin=\box35
\l__coffin_aligned_internal_coffin=\box36
\l_tmpa_coffin=\box37
\l_tmpb_coffin=\box38
\l__coffin_display_coffin=\box39
\l__coffin_display_coord_coffin=\box40
\l__coffin_display_pole_coffin=\box41
\l__coffin_display_offset_dim=\dimen137
\l__coffin_display_x_dim=\dimen138
\l__coffin_display_y_dim=\dimen139
L3 Module: l3color 2014/08/23 v5354 L3 Experimental color support
L3 Module: l3sys 2015/09/25 v6087 L3 Experimental system/runtime functions
L3 Module: l3candidates 2016/05/13 v6484 L3 Experimental additions to l3kernel
\l__box_top_dim=\dimen140
\l__box_bottom_dim=\dimen141
\l__box_left_dim=\dimen142
\l__box_right_dim=\dimen143
\l__box_top_new_dim=\dimen144
\l__box_bottom_new_dim=\dimen145
\l__box_left_new_dim=\dimen146
\l__box_right_new_dim=\dimen147
\l__box_internal_box=\box42
\l__coffin_bounding_shift_dim=\dimen148
\l__coffin_left_corner_dim=\dimen149
\l__coffin_right_corner_dim=\dimen150
\l__coffin_bottom_corner_dim=\dimen151
\l__coffin_top_corner_dim=\dimen152
\l__coffin_scaled_total_height_dim=\dimen153
\l__coffin_scaled_width_dim=\dimen154
L3 Module: l3luatex 2016/03/26 v6465 L3 Experimental LuaTeX-specific functions
)
(/usr/local/texlive/2016/texmf-dist/tex/latex/l3kernel/l3pdfmode.def
File: l3pdfmode.def 2016/03/26 v6465 L3 Experimental driver: PDF mode
\l__driver_color_stack_int=\count135
\l__driver_tmp_box=\box43
))
Package: xparse 2016/05/18 v6512 L3 Experimental document command parser
\l__xparse_current_arg_int=\count136
\l__xparse_m_args_int=\count137
\l__xparse_mandatory_args_int=\count138
\l__xparse_processor_int=\count139
\l__xparse_v_nesting_int=\count140
)
.................................................
. LaTeX info: "xparse/define-command"
. 
. Defining command \vnabla with sig. '' on line 25.
.................................................
.................................................
. LaTeX info: "xparse/define-command"
. 
. Defining command \varE with sig. '' on line 29.
.................................................
.................................................
. LaTeX info: "xparse/define-command"
. 
. Defining command \ordersymbol with sig. '' on line 30.
.................................................
.................................................
. LaTeX info: "xparse/define-command"
. 
. Defining command \lparen with sig. '' on line 31.
.................................................
.................................................
. LaTeX info: "xparse/define-command"
. 
. Defining command \rparen with sig. '' on line 32.
.................................................
.................................................
. LaTeX info: "xparse/define-command"
. 
. Defining command \quantity with sig. '' on line 35.
.................................................
.................................................
. LaTeX info: "xparse/define-command"
. 
. Defining command \@quantity with sig. ' t\big t\Big t\bigg t\Bigg g o d()
. d|| ' on line 62.
.................................................
.................................................
. LaTeX info: "xparse/define-command"
. 
. Defining command \qty with sig. '' on line 63.
.................................................
.................................................
. LaTeX info: "xparse/define-command"
. 
. Defining command \pqty with sig. ' l m ' on line 64.
.................................................
.................................................
. LaTeX info: "xparse/define-command"
. 
. Defining command \bqty with sig. ' l m ' on line 65.
.................................................
.................................................
. LaTeX info: "xparse/define-command"
. 
. Defining command \Bqty with sig. ' l m ' on line 66.
.................................................
.................................................
. LaTeX info: "xparse/define-command"
. 
. Defining command \vqty with sig. ' l m ' on line 67.
.................................................
.................................................
. LaTeX info: "xparse/define-command"
. 
. Defining command \pmqty with sig. 'm' on line 70.
.................................................
.................................................
. LaTeX info: "xparse/define-command"
. 
. Defining command \Pmqty with sig. 'm' on line 71.
.................................................
.................................................
. LaTeX info: "xparse/define-command"
. 
. Defining command \bmqty with sig. 'm' on line 72.
.................................................
.................................................
. LaTeX info: "xparse/define-command"
. 
. Defining command \vmqty with sig. 'm' on line 73.
.................................................
.................................................
. LaTeX info: "xparse/define-command"
. 
. Defining command \matrixquantity with sig. '' on line 74.
.................................................
.................................................
. LaTeX info: "xparse/define-command"
. 
. Defining command \@matrixquantity with sig. ' s g o d() d|| ' on line 100.
.................................................
.................................................
. LaTeX info: "xparse/define-command"
. 
. Defining command \mqty with sig. '' on line 101.
.................................................
.................................................
. LaTeX info: "xparse/define-command"
. 
. Defining command \matrixdeterminant with sig. 'm' on line 102.
.................................................
.................................................
. LaTeX info: "xparse/define-command"
. 
. Defining command \mdet with sig. '' on line 103.
.................................................
.................................................
. LaTeX info: "xparse/define-command"
. 
. Defining command \spmqty with sig. 'm' on line 105.
.................................................
.................................................
. LaTeX info: "xparse/define-command"
. 
. Defining command \sPmqty with sig. 'm' on line 106.
.................................................
.................................................
. LaTeX info: "xparse/define-command"
. 
. Defining command \sbmqty with sig. 'm' on line 107.
.................................................
.................................................
. LaTeX info: "xparse/define-command"
. 
. Defining command \svmqty with sig. 'm' on line 108.
.................................................
.................................................
. LaTeX info: "xparse/define-command"
. 
. Defining command \smallmatrixquantity with sig. ' s g o d() d|| ' on line
. 133.
.................................................
.................................................
. LaTeX info: "xparse/define-command"
. 
. Defining command \smqty with sig. '' on line 134.
.................................................
.................................................
. LaTeX info: "xparse/define-command"
. 
. Defining command \smallmatrixdeterminant with sig. 'm' on line 135.
.................................................
.................................................
. LaTeX info: "xparse/define-command"
. 
. Defining command \smdet with sig. '' on line 136.
.................................................
.................................................
. LaTeX info: "xparse/define-command"
. 
. Defining command \argopen with sig. 's' on line 138.
.................................................
.................................................
. LaTeX info: "xparse/define-command"
. 
. Defining command \argclose with sig. 's' on line 139.
.................................................
.................................................
. LaTeX info: "xparse/define-command"
. 
. Defining command \braces with sig. '' on line 141.
.................................................
.................................................
. LaTeX info: "xparse/define-command"
. 
. Defining command \@braces with sig. ' s t\big t\Big t\bigg t\Bigg m m m ' on
. line 156.
.................................................
.................................................
. LaTeX info: "xparse/define-command"
. 
. Defining command \fbraces with sig. ' s t\big t\Big t\bigg t\Bigg m m m m '
. on line 174.
.................................................
.................................................
. LaTeX info: "xparse/define-command"
. 
. Defining command \absolutevalue with sig. ' l m ' on line 176.
.................................................
.................................................
. LaTeX info: "xparse/define-command"
. 
. Defining command \abs with sig. '' on line 177.
.................................................
.................................................
. LaTeX info: "xparse/define-command"
. 
. Defining command \norm with sig. ' l m ' on line 178.
.................................................
.................................................
. LaTeX info: "xparse/define-command"
. 
. Defining command \order with sig. ' l m ' on line 179.
.................................................
.................................................
. LaTeX info: "xparse/define-command"
. 
. Defining command \evaluated with sig. ' s g d[| d(| ' on line 194.
.................................................
.................................................
. LaTeX info: "xparse/define-command"
. 
. Defining command \eval with sig. '' on line 195.
.................................................
.................................................
. LaTeX info: "xparse/define-command"
. 
. Defining command \poissonbracket with sig. ' l m m ' on line 197.
.................................................
.................................................
. LaTeX info: "xparse/define-command"
. 
. Defining command \pb with sig. '' on line 198.
.................................................
.................................................
. LaTeX info: "xparse/define-command"
. 
. Defining command \commutator with sig. ' l m m ' on line 201.
.................................................
.................................................
. LaTeX info: "xparse/define-command"
. 
. Defining command \comm with sig. '' on line 202.
.................................................
.................................................
. LaTeX info: "xparse/define-command"
. 
. Defining command \anticommutator with sig. ' l m m ' on line 203.
.................................................
.................................................
. LaTeX info: "xparse/define-command"
. 
. Defining command \acommutator with sig. '' on line 204.
.................................................
.................................................
. LaTeX info: "xparse/define-command"
. 
. Defining command \acomm with sig. '' on line 205.
.................................................
.................................................
. LaTeX info: "xparse/define-command"
. 
. Defining command \vectorbold with sig. ' s m ' on line 208.
.................................................
.................................................
. LaTeX info: "xparse/define-command"
. 
. Defining command \vb with sig. '' on line 209.
.................................................
.................................................
. LaTeX info: "xparse/define-command"
. 
. Defining command \vectorarrow with sig. ' s m ' on line 211.
.................................................
.................................................
. LaTeX info: "xparse/define-command"
. 
. Defining command \va with sig. '' on line 212.
.................................................
.................................................
. LaTeX info: "xparse/define-command"
. 
. Defining command \vectorunit with sig. ' s m ' on line 214.
.................................................
.................................................
. LaTeX info: "xparse/define-command"
. 
. Defining command \vu with sig. '' on line 215.
.................................................
.................................................
. LaTeX info: "xparse/define-command"
. 
. Defining command \dotproduct with sig. '' on line 217.
.................................................
.................................................
. LaTeX info: "xparse/define-command"
. 
. Defining command \vdot with sig. '' on line 218.
.................................................
.................................................
. LaTeX info: "xparse/define-command"
. 
. Defining command \crossproduct with sig. '' on line 220.
.................................................
.................................................
. LaTeX info: "xparse/define-command"
. 
. Defining command \cross with sig. '' on line 221.
.................................................
.................................................
. LaTeX info: "xparse/define-command"
. 
. Defining command \cp with sig. '' on line 222.
.................................................
.................................................
. LaTeX info: "xparse/define-command"
. 
. Defining command \gradient with sig. ' g o d() ' on line 232.
.................................................
.................................................
. LaTeX info: "xparse/define-command"
. 
. Defining command \grad with sig. '' on line 233.
.................................................
.................................................
. LaTeX info: "xparse/define-command"
. 
. Defining command \divergence with sig. ' g o d() ' on line 243.
.................................................
.................................................
. LaTeX info: "xparse/define-command"
. 
. Defining command \div with sig. '' on line 246.
.................................................
.................................................
. LaTeX info: "xparse/define-command"
. 
. Defining command \curl with sig. ' g o d() ' on line 256.
.................................................
.................................................
. LaTeX info: "xparse/define-command"
. 
. Defining command \laplacian with sig. ' g o d() ' on line 266.
.................................................
.................................................
. LaTeX info: "xparse/define-command"
. 
. Defining command \principalvalue with sig. 'g' on line 274.
.................................................
.................................................
. LaTeX info: "xparse/define-command"
. 
. Defining command \pv with sig. '' on line 275.
.................................................
.................................................
. LaTeX info: "xparse/define-command"
. 
. Defining command \PV with sig. 'g' on line 276.
.................................................
.................................................
. LaTeX info: "xparse/redefine-command"
. 
. Redefining command \Re with sig. 'g' on line 277.
.................................................
.................................................
. LaTeX info: "xparse/redefine-command"
. 
. Redefining command \Im with sig. 'g' on line 278.
.................................................
.................................................
. LaTeX info: "xparse/define-command"
. 
. Defining command \opbraces with sig. ' m g o d() ' on line 299.
.................................................
.................................................
. LaTeX info: "xparse/define-command"
. 
. Defining command \trigbraces with sig. ' m o d() ' on line 305.
.................................................
.................................................
. LaTeX info: "xparse/redefine-command"
. 
. Redefining command \sin with sig. '' on line 309.
.................................................
.................................................
. LaTeX info: "xparse/redefine-command"
. 
. Redefining command \cos with sig. '' on line 310.
.................................................
.................................................
. LaTeX info: "xparse/redefine-command"
. 
. Redefining command \tan with sig. '' on line 311.
.................................................
.................................................
. LaTeX info: "xparse/redefine-command"
. 
. Redefining command \csc with sig. '' on line 312.
.................................................
.................................................
. LaTeX info: "xparse/redefine-command"
. 
. Redefining command \sec with sig. '' on line 313.
.................................................
.................................................
. LaTeX info: "xparse/redefine-command"
. 
. Redefining command \cot with sig. '' on line 314.
.................................................
.................................................
. LaTeX info: "xparse/redefine-command"
. 
. Redefining command \arcsin with sig. '' on line 316.
.................................................
.................................................
. LaTeX info: "xparse/redefine-command"
. 
. Redefining command \arccos with sig. '' on line 317.
.................................................
.................................................
. LaTeX info: "xparse/redefine-command"
. 
. Redefining command \arctan with sig. '' on line 318.
.................................................
.................................................
. LaTeX info: "xparse/define-command"
. 
. Defining command \arccsc with sig. '' on line 320.
.................................................
.................................................
. LaTeX info: "xparse/define-command"
. 
. Defining command \arcsec with sig. '' on line 322.
.................................................
.................................................
. LaTeX info: "xparse/define-command"
. 
. Defining command \arccot with sig. '' on line 324.
.................................................
.................................................
. LaTeX info: "xparse/define-command"
. 
. Defining command \asin with sig. '' on line 327.
.................................................
.................................................
. LaTeX info: "xparse/define-command"
. 
. Defining command \acos with sig. '' on line 329.
.................................................
.................................................
. LaTeX info: "xparse/define-command"
. 
. Defining command \atan with sig. '' on line 331.
.................................................
.................................................
. LaTeX info: "xparse/define-command"
. 
. Defining command \acsc with sig. '' on line 333.
.................................................
.................................................
. LaTeX info: "xparse/define-command"
. 
. Defining command \asec with sig. '' on line 335.
.................................................
.................................................
. LaTeX info: "xparse/define-command"
. 
. Defining command \acot with sig. '' on line 337.
.................................................
.................................................
. LaTeX info: "xparse/redefine-command"
. 
. Redefining command \sinh with sig. '' on line 339.
.................................................
.................................................
. LaTeX info: "xparse/redefine-command"
. 
. Redefining command \cosh with sig. '' on line 340.
.................................................
.................................................
. LaTeX info: "xparse/redefine-command"
. 
. Redefining command \tanh with sig. '' on line 341.
.................................................
.................................................
. LaTeX info: "xparse/define-command"
. 
. Defining command \csch with sig. '' on line 343.
.................................................
.................................................
. LaTeX info: "xparse/define-command"
. 
. Defining command \sech with sig. '' on line 345.
.................................................
.................................................
. LaTeX info: "xparse/redefine-command"
. 
. Redefining command \coth with sig. '' on line 346.
.................................................
.................................................
. LaTeX info: "xparse/redefine-command"
. 
. Redefining command \exp with sig. '' on line 348.
.................................................
.................................................
. LaTeX info: "xparse/redefine-command"
. 
. Redefining command \log with sig. '' on line 349.
.................................................
.................................................
. LaTeX info: "xparse/redefine-command"
. 
. Redefining command \ln with sig. '' on line 350.
.................................................
.................................................
. LaTeX info: "xparse/redefine-command"
. 
. Redefining command \det with sig. '' on line 351.
.................................................
.................................................
. LaTeX info: "xparse/redefine-command"
. 
. Redefining command \Pr with sig. '' on line 352.
.................................................
.................................................
. LaTeX info: "xparse/define-command"
. 
. Defining command \tr with sig. '' on line 353.
.................................................
.................................................
. LaTeX info: "xparse/define-command"
. 
. Defining command \Tr with sig. '' on line 354.
.................................................
.................................................
. LaTeX info: "xparse/define-command"
. 
. Defining command \Res with sig. '' on line 355.
.................................................
.................................................
. LaTeX info: "xparse/define-command"
. 
. Defining command \qqtext with sig. ' s m ' on line 377.
.................................................
.................................................
. LaTeX info: "xparse/define-command"
. 
. Defining command \qq with sig. '' on line 378.
.................................................
.................................................
. LaTeX info: "xparse/define-command"
. 
. Defining command \qcomma with sig. '' on line 380.
.................................................
.................................................
. LaTeX info: "xparse/define-command"
. 
. Defining command \qc with sig. '' on line 381.
.................................................
.................................................
. LaTeX info: "xparse/define-command"
. 
. Defining command \qif with sig. 's' on line 383.
.................................................
.................................................
. LaTeX info: "xparse/define-command"
. 
. Defining command \qthen with sig. 's' on line 384.
.................................................
.................................................
. LaTeX info: "xparse/define-command"
. 
. Defining command \qelse with sig. 's' on line 385.
.................................................
.................................................
. LaTeX info: "xparse/define-command"
. 
. Defining command \qotherwise with sig. 's' on line 386.
.................................................
.................................................
. LaTeX info: "xparse/define-command"
. 
. Defining command \qunless with sig. 's' on line 387.
.................................................
.................................................
. LaTeX info: "xparse/define-command"
. 
. Defining command \qgiven with sig. 's' on line 388.
.................................................
.................................................
. LaTeX info: "xparse/define-command"
. 
. Defining command \qusing with sig. 's' on line 389.
.................................................
.................................................
. LaTeX info: "xparse/define-command"
. 
. Defining command \qassume with sig. 's' on line 390.
.................................................
.................................................
. LaTeX info: "xparse/define-command"
. 
. Defining command \qsince with sig. 's' on line 391.
.................................................
.................................................
. LaTeX info: "xparse/define-command"
. 
. Defining command \qlet with sig. 's' on line 392.
.................................................
.................................................
. LaTeX info: "xparse/define-command"
. 
. Defining command \qfor with sig. 's' on line 393.
.................................................
.................................................
. LaTeX info: "xparse/define-command"
. 
. Defining command \qall with sig. 's' on line 394.
.................................................
.................................................
. LaTeX info: "xparse/define-command"
. 
. Defining command \qeven with sig. 's' on line 395.
.................................................
.................................................
. LaTeX info: "xparse/define-command"
. 
. Defining command \qodd with sig. 's' on line 396.
.................................................
.................................................
. LaTeX info: "xparse/define-command"
. 
. Defining command \qinteger with sig. 's' on line 397.
.................................................
.................................................
. LaTeX info: "xparse/define-command"
. 
. Defining command \qand with sig. 's' on line 398.
.................................................
.................................................
. LaTeX info: "xparse/define-command"
. 
. Defining command \qor with sig. 's' on line 399.
.................................................
.................................................
. LaTeX info: "xparse/define-command"
. 
. Defining command \qas with sig. 's' on line 400.
.................................................
.................................................
. LaTeX info: "xparse/define-command"
. 
. Defining command \qin with sig. 's' on line 401.
.................................................
.................................................
. LaTeX info: "xparse/define-command"
. 
. Defining command \qcc with sig. 's' on line 402.
.................................................
.................................................
. LaTeX info: "xparse/define-command"
. 
. Defining command \differential with sig. ' o g d() ' on line 415.
.................................................
.................................................
. LaTeX info: "xparse/define-command"
. 
. Defining command \dd with sig. '' on line 416.
.................................................
.................................................
. LaTeX info: "xparse/define-command"
. 
. Defining command \derivative with sig. ' s o m g d() ' on line 435.
.................................................
.................................................
. LaTeX info: "xparse/define-command"
. 
. Defining command \dv with sig. '' on line 436.
.................................................
.................................................
. LaTeX info: "xparse/define-command"
. 
. Defining command \partialderivative with sig. ' s o m g g d() ' on line 460.
.................................................
.................................................
. LaTeX info: "xparse/define-command"
. 
. Defining command \pderivative with sig. '' on line 461.
.................................................
.................................................
. LaTeX info: "xparse/define-command"
. 
. Defining command \pdv with sig. '' on line 462.
.................................................
.................................................
. LaTeX info: "xparse/define-command"
. 
. Defining command \variation with sig. ' o g d() ' on line 474.
.................................................
.................................................
. LaTeX info: "xparse/define-command"
. 
. Defining command \var with sig. '' on line 475.
.................................................
.................................................
. LaTeX info: "xparse/define-command"
. 
. Defining command \functionalderivative with sig. ' s o m g d() ' on line
. 494.
.................................................
.................................................
. LaTeX info: "xparse/define-command"
. 
. Defining command \fderivative with sig. '' on line 495.
.................................................
.................................................
. LaTeX info: "xparse/define-command"
. 
. Defining command \fdv with sig. '' on line 496.
.................................................
.................................................
. LaTeX info: "xparse/define-command"
. 
. Defining command \bra with sig. ' s m t\ket s g ' on line 526.
.................................................
.................................................
. LaTeX info: "xparse/define-command"
. 
. Defining command \ket with sig. ' s m ' on line 533.
.................................................
.................................................
. LaTeX info: "xparse/define-command"
. 
. Defining command \innerproduct with sig. ' s m g ' on line 548.
.................................................
.................................................
. LaTeX info: "xparse/define-command"
. 
. Defining command \braket with sig. '' on line 549.
.................................................
.................................................
. LaTeX info: "xparse/define-command"
. 
. Defining command \ip with sig. '' on line 550.
.................................................
.................................................
. LaTeX info: "xparse/define-command"
. 
. Defining command \outerproduct with sig. ' s m g ' on line 565.
.................................................
.................................................
. LaTeX info: "xparse/define-command"
. 
. Defining command \dyad with sig. '' on line 566.
.................................................
.................................................
. LaTeX info: "xparse/define-command"
. 
. Defining command \op with sig. '' on line 567.
.................................................
.................................................
. LaTeX info: "xparse/define-command"
. 
. Defining command \ketbra with sig. '' on line 568.
.................................................
.................................................
. LaTeX info: "xparse/define-command"
. 
. Defining command \expectationvalue with sig. ' s s m g ' on line 587.
.................................................
.................................................
. LaTeX info: "xparse/define-command"
. 
. Defining command \expval with sig. '' on line 588.
.................................................
.................................................
. LaTeX info: "xparse/define-command"
. 
. Defining command \ev with sig. '' on line 589.
.................................................
.................................................
. LaTeX info: "xparse/define-command"
. 
. Defining command \vev with sig. ' m ' on line 590.
.................................................
.................................................
. LaTeX info: "xparse/define-command"
. 
. Defining command \matrixelement with sig. ' s s m m m ' on line 601.
.................................................
.................................................
. LaTeX info: "xparse/define-command"
. 
. Defining command \matrixel with sig. '' on line 602.
.................................................
.................................................
. LaTeX info: "xparse/define-command"
. 
. Defining command \mel with sig. '' on line 603.
.................................................
.................................................
. LaTeX info: "xparse/define-command"
. 
. Defining command \identitymatrix with sig. 'm' on line 633.
.................................................
.................................................
. LaTeX info: "xparse/define-command"
. 
. Defining command \imat with sig. '' on line 634.
.................................................
.................................................
. LaTeX info: "xparse/define-command"
. 
. Defining command \xmatrix with sig. ' s m m m ' on line 659.
.................................................
.................................................
. LaTeX info: "xparse/define-command"
. 
. Defining command \xmat with sig. '' on line 660.
.................................................
.................................................
. LaTeX info: "xparse/define-command"
. 
. Defining command \zeromatrix with sig. ' m g ' on line 662.
.................................................
.................................................
. LaTeX info: "xparse/define-command"
. 
. Defining command \zmat with sig. '' on line 663.
.................................................
.................................................
. LaTeX info: "xparse/define-command"
. 
. Defining command \paulixmatrix with sig. '' on line 665.
.................................................
.................................................
. LaTeX info: "xparse/define-command"
. 
. Defining command \pauliymatrix with sig. '' on line 666.
.................................................
.................................................
. LaTeX info: "xparse/define-command"
. 
. Defining command \paulizmatrix with sig. '' on line 667.
.................................................
.................................................
. LaTeX info: "xparse/define-command"
. 
. Defining command \paulimatrix with sig. 'm' on line 678.
.................................................
.................................................
. LaTeX info: "xparse/define-command"
. 
. Defining command \pmat with sig. '' on line 679.
.................................................
.................................................
. LaTeX info: "xparse/define-command"
. 
. Defining command \diagonalmatrix with sig. 'O{} >{\SplitList {,}}m ' on line
. 681.
.................................................
.................................................
. LaTeX info: "xparse/define-command"
. 
. Defining command \@dmat with sig. 'mmggggggg' on line 714.
.................................................
.................................................
. LaTeX info: "xparse/define-command"
. 
. Defining command \dmat with sig. '' on line 715.
.................................................
.................................................
. LaTeX info: "xparse/define-command"
. 
. Defining command \antidiagonalmatrix with sig. 'O{} >{\SplitList {,}}m ' on
. line 717.
.................................................
.................................................
. LaTeX info: "xparse/define-command"
. 
. Defining command \@admat with sig. 'mmggggggg' on line 750.
.................................................
.................................................
. LaTeX info: "xparse/define-command"
. 
. Defining command \admat with sig. '' on line 751.
.................................................
.................................................
. LaTeX info: "xparse/define-command"
. 
. Defining command \flatfrac with sig. ' m m ' on line 754.
.................................................
.................................................
. LaTeX info: "xparse/define-command"
. 
. Defining command \homework with sig. '' on line 764.
.................................................
)
(/usr/local/texlive/2016/texmf-dist/tex/latex/graphics/color.sty
Package: color 2016/05/09 v1.1c Standard LaTeX Color (DPC)

(/usr/local/texlive/2016/texmf-dist/tex/latex/graphics-cfg/color.cfg
File: color.cfg 2016/01/02 v1.6 sample color configuration
)
Package color Info: Driver file: pdftex.def on input line 144.

(/usr/local/texlive/2016/texmf-dist/tex/latex/pdftex-def/pdftex.def
File: pdftex.def 2011/05/27 v0.06d Graphics/color for pdfTeX
\Gread@gobject=\count141
))
(/usr/local/texlive/2016/texmf-dist/tex/latex/tools/xspace.sty
Package: xspace 2014/10/28 v1.13 Space after command names (DPC,MH)
)
(/usr/local/texlive/2016/texmf-dist/tex/latex/mathtools/mathtools.sty
Package: mathtools 2015/11/12 v1.18 mathematical typesetting tools

(/usr/local/texlive/2016/texmf-dist/tex/latex/tools/calc.sty
Package: calc 2014/10/28 v4.3 Infix arithmetic (KKT,FJ)
\calc@Acount=\count142
\calc@Bcount=\count143
\calc@Adimen=\dimen155
\calc@Bdimen=\dimen156
\calc@Askip=\skip56
\calc@Bskip=\skip57
LaTeX Info: Redefining \setlength on input line 80.
LaTeX Info: Redefining \addtolength on input line 81.
\calc@Ccount=\count144
\calc@Cskip=\skip58
)
(/usr/local/texlive/2016/texmf-dist/tex/latex/mathtools/mhsetup.sty
Package: mhsetup 2010/01/21 v1.2a programming setup (MH)
)
LaTeX Info: Thecontrolsequence`\('isalreadyrobust on input line 129.
LaTeX Info: Thecontrolsequence`\)'isalreadyrobust on input line 129.
LaTeX Info: Thecontrolsequence`\['isalreadyrobust on input line 129.
LaTeX Info: Thecontrolsequence`\]'isalreadyrobust on input line 129.
\g_MT_multlinerow_int=\count145
\l_MT_multwidth_dim=\dimen157
\origjot=\skip59
\l_MT_shortvdotswithinadjustabove_dim=\dimen158
\l_MT_shortvdotswithinadjustbelow_dim=\dimen159
\l_MT_above_intertext_sep=\dimen160
\l_MT_below_intertext_sep=\dimen161
\l_MT_above_shortintertext_sep=\dimen162
\l_MT_below_shortintertext_sep=\dimen163
)
(/usr/local/texlive/2016/texmf-dist/tex/latex/tex-gyre/tgtermes.sty
Package: tgtermes 2009/09/27 v1.2 TeX Gyre Termes as default roman family
)
(/usr/local/texlive/2016/texmf-dist/tex/latex/titlesec/titlesec.sty
Package: titlesec 2016/03/21 v2.10.2 Sectioning titles
\ttl@box=\box44
\beforetitleunit=\skip60
\aftertitleunit=\skip61
\ttl@plus=\dimen164
\ttl@minus=\dimen165
\ttl@toksa=\toks27
\titlewidth=\dimen166
\titlewidthlast=\dimen167
\titlewidthfirst=\dimen168
)
(/usr/local/texlive/2016/texmf-dist/tex/latex/fancyhdr/fancyhdr.sty
\fancy@headwidth=\skip62
\f@ncyO@elh=\skip63
\f@ncyO@erh=\skip64
\f@ncyO@olh=\skip65
\f@ncyO@orh=\skip66
\f@ncyO@elf=\skip67
\f@ncyO@erf=\skip68
\f@ncyO@olf=\skip69
\f@ncyO@orf=\skip70
)
(/usr/local/texlive/2016/texmf-dist/tex/latex/etoolbox/etoolbox.sty
Package: etoolbox 2015/08/02 v2.2a e-TeX tools for LaTeX (JAW)
\etb@tempcnta=\count146
)
(/usr/local/texlive/2016/texmf-dist/tex/latex/xcolor/xcolor.sty
Package: xcolor 2016/05/11 v2.12 LaTeX color extensions (UK)

(/usr/local/texlive/2016/texmf-dist/tex/latex/graphics-cfg/color.cfg
File: color.cfg 2016/01/02 v1.6 sample color configuration
)
Package xcolor Info: Driver file: pdftex.def on input line 225.
LaTeX Info: Redefining \color on input line 709.
Package xcolor Info: Model `cmy' substituted by `cmy0' on input line 1348.
Package xcolor Info: Model `hsb' substituted by `rgb' on input line 1352.
Package xcolor Info: Model `RGB' extended on input line 1364.
Package xcolor Info: Model `HTML' substituted by `rgb' on input line 1366.
Package xcolor Info: Model `Hsb' substituted by `hsb' on input line 1367.
Package xcolor Info: Model `tHsb' substituted by `hsb' on input line 1368.
Package xcolor Info: Model `HSB' substituted by `hsb' on input line 1369.
Package xcolor Info: Model `Gray' substituted by `gray' on input line 1370.
Package xcolor Info: Model `wave' substituted by `hsb' on input line 1371.
)
(/usr/local/texlive/2016/texmf-dist/tex/latex/changepage/changepage.sty
Package: changepage 2009/10/20 v1.0c check page and change page layout
\c@cp@cntr=\count147
\cp@tempcnt=\count148
)
(/usr/local/texlive/2016/texmf-dist/tex/latex/graphics/graphicx.sty
Package: graphicx 2014/10/28 v1.0g Enhanced LaTeX Graphics (DPC,SPQR)

(/usr/local/texlive/2016/texmf-dist/tex/latex/graphics/graphics.sty
Package: graphics 2016/05/09 v1.0r Standard LaTeX Graphics (DPC,SPQR)

(/usr/local/texlive/2016/texmf-dist/tex/latex/graphics/trig.sty
Package: trig 2016/01/03 v1.10 sin cos tan (DPC)
)
(/usr/local/texlive/2016/texmf-dist/tex/latex/graphics-cfg/graphics.cfg
File: graphics.cfg 2016/01/02 v1.10 sample graphics configuration
)
Package graphics Info: Driver file: pdftex.def on input line 96.
)
\Gin@req@height=\dimen169
\Gin@req@width=\dimen170
)
(/usr/local/texlive/2016/texmf-dist/tex/latex/caption/subcaption.sty
Package: subcaption 2016/02/20 v1.1-142 Sub-captions (AR)

(/usr/local/texlive/2016/texmf-dist/tex/latex/caption/caption.sty
Package: caption 2016/02/21 v3.3-144 Customizing captions (AR)

(/usr/local/texlive/2016/texmf-dist/tex/latex/caption/caption3.sty
Package: caption3 2016/02/04 v1.7-139 caption3 kernel (AR)
Package caption3 Info: TeX engine: e-TeX on input line 67.
\captionmargin=\dimen171
\captionmargin@=\dimen172
\captionwidth=\dimen173
\caption@tempdima=\dimen174
\caption@indent=\dimen175
\caption@parindent=\dimen176
\caption@hangindent=\dimen177
)
\c@ContinuedFloat=\count149
Package caption Info: hyperref package is loaded.
)
\c@subfigure=\count150
\c@subtable=\count151
)
(/usr/local/texlive/2016/texmf-dist/tex/latex/wrapfig/wrapfig.sty
\wrapoverhang=\dimen178
\WF@size=\dimen179
\c@WF@wrappedlines=\count152
\WF@box=\box45
\WF@everypar=\toks28
Package: wrapfig 2003/01/31  v 3.6
)
(/usr/local/texlive/2016/texmf-dist/tex/latex/multirow/multirow.sty
\bigstrutjot=\dimen180
)
(/usr/local/texlive/2016/texmf-dist/tex/latex/tools/longtable.sty
Package: longtable 2014/10/28 v4.11 Multi-page Table package (DPC)
\LTleft=\skip71
\LTright=\skip72
\LTpre=\skip73
\LTpost=\skip74
\LTchunksize=\count153
\LTcapwidth=\dimen181
\LT@head=\box46
\LT@firsthead=\box47
\LT@foot=\box48
\LT@lastfoot=\box49
\LT@cols=\count154
\LT@rows=\count155
\c@LT@tables=\count156
\c@LT@chunks=\count157
\LT@p@ftn=\toks29
)
(./macros.tex) (./formatting.tex
\c@theorem=\count158
\c@lemma=\count159
\c@corollary=\count160
\c@claim=\count161
\c@observation=\count162
\c@definition=\count163
\c@remark=\count164
Package hyperref Info: Option `colorlinks' set `true' on input line 36.
)

LaTeX Warning: Unused global option(s):
    [twside].

(./main.aux (./frontmatter/titlepage.aux) (./frontmatter/abstract.aux)
(./frontmatter/laysummary.aux) (./frontmatter/acknowledgements.aux)
(./frontmatter/nomenclature.aux) (./introduction.aux) (./background.aux)
(./correspondence.aux) (./further_properties.aux)
(./algorithmic_implications.aux) (./conclusion.aux) (./appendix.aux))
\openout1 = `main.aux'.

LaTeX Font Info:    Checking defaults for OML/cmm/m/it on input line 34.
LaTeX Font Info:    ... okay on input line 34.
LaTeX Font Info:    Checking defaults for T1/cmr/m/n on input line 34.
LaTeX Font Info:    ... okay on input line 34.
LaTeX Font Info:    Checking defaults for OT1/cmr/m/n on input line 34.
LaTeX Font Info:    ... okay on input line 34.
LaTeX Font Info:    Checking defaults for OMS/cmsy/m/n on input line 34.
LaTeX Font Info:    ... okay on input line 34.
LaTeX Font Info:    Checking defaults for OMX/cmex/m/n on input line 34.
LaTeX Font Info:    ... okay on input line 34.
LaTeX Font Info:    Checking defaults for U/cmr/m/n on input line 34.
LaTeX Font Info:    ... okay on input line 34.
LaTeX Font Info:    Checking defaults for PD1/pdf/m/n on input line 34.
LaTeX Font Info:    ... okay on input line 34.
LaTeX Font Info:    Try loading font information for OT1+qtm on input line 34.

(/usr/local/texlive/2016/texmf-dist/tex/latex/tex-gyre/ot1qtm.fd
File: ot1qtm.fd 2009/09/25 v1.2 font definition file for OT1/qtm
)
*geometry* driver: auto-detecting
*geometry* detected driver: pdftex
*geometry* verbose mode - [ preamble ] result:
* driver: pdftex
* paper: <default>
* layout: <same size as paper>
* layoutoffset:(h,v)=(0.0pt,0.0pt)
* modes: twoside 
* h-part:(L,W,R)=(86.72377pt, 440.84746pt, 86.72377pt)
* v-part:(T,H,B)=(86.72377pt, 621.52245pt, 86.72377pt)
* \paperwidth=614.295pt
* \paperheight=794.96999pt
* \textwidth=440.84746pt
* \textheight=621.52245pt
* \oddsidemargin=14.45378pt
* \evensidemargin=14.45378pt
* \topmargin=-17.42001pt
* \headheight=14.8pt
* \headsep=19.8738pt
* \topskip=11.0pt
* \footskip=27.46295pt
* \marginparwidth=116.0pt
* \marginparsep=7.0pt
* \columnsep=10.0pt
* \skip\footins=10.0pt plus 4.0pt minus 2.0pt
* \hoffset=0.0pt
* \voffset=0.0pt
* \mag=1000
* \@twocolumnfalse
* \@twosidetrue
* \@mparswitchtrue
* \@reversemarginfalse
* (1in=72.27pt=25.4mm, 1cm=28.453pt)

\AtBeginShipoutBox=\box50
Package hyperref Info: Link coloring ON on input line 34.
(/usr/local/texlive/2016/texmf-dist/tex/latex/hyperref/nameref.sty
Package: nameref 2012/10/27 v2.43 Cross-referencing by name of section

(/usr/local/texlive/2016/texmf-dist/tex/generic/oberdiek/gettitlestring.sty
Package: gettitlestring 2016/05/16 v1.5 Cleanup title references (HO)
)
\c@section@level=\count165
)
LaTeX Info: Redefining \ref on input line 34.
LaTeX Info: Redefining \pageref on input line 34.
LaTeX Info: Redefining \nameref on input line 34.

(./main.out) (./main.out)
\@outlinefile=\write3
\openout3 = `main.out'.


(/usr/local/texlive/2016/texmf-dist/tex/context/base/mkii/supp-pdf.mkii
[Loading MPS to PDF converter (version 2006.09.02).]
\scratchcounter=\count166
\scratchdimen=\dimen182
\scratchbox=\box51
\nofMPsegments=\count167
\nofMParguments=\count168
\everyMPshowfont=\toks30
\MPscratchCnt=\count169
\MPscratchDim=\dimen183
\MPnumerator=\count170
\makeMPintoPDFobject=\count171
\everyMPtoPDFconversion=\toks31
) (/usr/local/texlive/2016/texmf-dist/tex/latex/oberdiek/epstopdf-base.sty
Package: epstopdf-base 2016/05/15 v2.6 Base part for package epstopdf

(/usr/local/texlive/2016/texmf-dist/tex/latex/oberdiek/grfext.sty
Package: grfext 2016/05/16 v1.2 Manage graphics extensions (HO)
)
Package grfext Info: Graphics extension search list:
(grfext)             [.png,.pdf,.jpg,.mps,.jpeg,.jbig2,.jb2,.PNG,.PDF,.JPG,.JPE
G,.JBIG2,.JB2,.eps]
(grfext)             \AppendGraphicsExtensions on input line 456.

(/usr/local/texlive/2016/texmf-dist/tex/latex/latexconfig/epstopdf-sys.cfg
File: epstopdf-sys.cfg 2010/07/13 v1.3 Configuration of (r)epstopdf for TeX Liv
e
))
Package caption Info: Begin \AtBeginDocument code.
Package caption Info: longtable package is loaded.

(/usr/local/texlive/2016/texmf-dist/tex/latex/caption/ltcaption.sty
Package: ltcaption 2013/06/09 v1.4-94 longtable captions (AR)
)
Package caption Info: wrapfig package is loaded.
Package caption Info: End \AtBeginDocument code.

(/usr/local/texlive/2016/texmf-dist/tex/latex/titlesec/block.tss
File: block.tss 2016/03/15
)
\openout2 = `frontmatter/titlepage.aux'.


(./frontmatter/titlepage.tex
<figures/oxford_logo.png, id=228, 116.1138pt x 138.7584pt>
File: figures/oxford_logo.png Graphic file (type png)

<use figures/oxford_logo.png>
Package pdftex.def Info: figures/oxford_logo.png used on input line 5.
(pdftex.def)             Requested size: 116.11351pt x 138.75806pt.
 [1




{/usr/local/texlive/2016/texmf-var/fonts/map/pdftex/updmap/pdftex.map} <./figur
es/oxford_logo.png>])
\openout2 = `frontmatter/abstract.aux'.


(./frontmatter/abstract.tex

LaTeX Font Warning: Font shape `OT1/qtm/m/sl' in size <10.95> not available
(Font)              Font shape `OT1/qtm/m/it' tried instead on input line 1.

[2



]
LaTeX Font Info:    Try loading font information for U+msa on input line 6.
 (/usr/local/texlive/2016/texmf-dist/tex/latex/amsfonts/umsa.fd
File: umsa.fd 2013/01/14 v3.01 AMS symbols A
)
LaTeX Font Info:    Try loading font information for U+msb on input line 6.

(/usr/local/texlive/2016/texmf-dist/tex/latex/amsfonts/umsb.fd
File: umsb.fd 2013/01/14 v3.01 AMS symbols B
)) [3]
\openout2 = `frontmatter/laysummary.aux'.


(./frontmatter/laysummary.tex [4



]) [5]
\openout2 = `frontmatter/acknowledgements.aux'.

 (./frontmatter/acknowledgements.tex
[6



]) [7] [8


] (./main.toc [9])
\tf@toc=\write4
\openout4 = `main.toc'.

 [10] (./main.lof
Underfull \vbox (badness 7203) has occurred while \output is active []

 [11


])
\tf@lof=\write5
\openout5 = `main.lof'.


[12]
\openout2 = `frontmatter/nomenclature.aux'.

 (./frontmatter/nomenclature.tex
\colwidth=\skip75
\groupsep=\skip76
\headingsep=\skip77
\descsep=\skip78
 [13


]) [14]
\openout2 = `introduction.aux'.

 (./introduction.tex
Chapter 1.

Underfull \vbox (badness 10000) has occurred while \output is active []

 [1




]
LaTeX Font Info:    Try loading font information for OMS+qtm on input line 24.
LaTeX Font Info:    No file OMSqtm.fd. on input line 24.


LaTeX Font Warning: Font shape `OMS/qtm/b/n' undefined
(Font)              using `OMS/cmsy/m/n' instead
(Font)              for symbol `textsection' on input line 24.

[2]
Overfull \hbox (2.29509pt too wide) in paragraph at lines 55--56
[]\OT1/qtm/m/n/10.95 There has also been work on graphs aris-ing from gen-eral 
poly-he-dra, e.g., Steinitz's the-o-rem [[]].
 []

<figures/example_d=2_graph.png, id=581, 211.79124pt x 204.765pt>
File: figures/example_d=2_graph.png Graphic file (type png)

<use figures/example_d=2_graph.png>
Package pdftex.def Info: figures/example_d=2_graph.png used on input line 64.
(pdftex.def)             Requested size: 63.53786pt x 61.42996pt.

<figures/example_d=2_comb.png, id=582, 351.59355pt x 279.32355pt>
File: figures/example_d=2_comb.png Graphic file (type png)

<use figures/example_d=2_comb.png>
Package pdftex.def Info: figures/example_d=2_comb.png used on input line 70.
(pdftex.def)             Requested size: 105.47887pt x 83.7977pt.

<figures/example_d=2_norm.png, id=583, 352.31625pt x 272.09656pt>
File: figures/example_d=2_norm.png Graphic file (type png)

<use figures/example_d=2_norm.png>
Package pdftex.def Info: figures/example_d=2_norm.png used on input line 75.
(pdftex.def)             Requested size: 105.69568pt x 81.6296pt.

<figures/example_d=3_graph.png, id=584, 202.7575pt x 192.72pt>
File: figures/example_d=3_graph.png Graphic file (type png)

<use figures/example_d=3_graph.png>
Package pdftex.def Info: figures/example_d=3_graph.png used on input line 81.
(pdftex.def)             Requested size: 60.82771pt x 57.81644pt.

<figures/example_d=3_comb.png, id=585, 225.12105pt x 171.2799pt>
File: figures/example_d=3_comb.png Graphic file (type png)

<use figures/example_d=3_comb.png>
Package pdftex.def Info: figures/example_d=3_comb.png used on input line 87.
(pdftex.def)             Requested size: 112.56024pt x 85.63974pt.

<figures/example_d=3_norm.png, id=586, 203.8014pt x 160.07805pt>
File: figures/example_d=3_norm.png Graphic file (type png)

<use figures/example_d=3_norm.png>
Package pdftex.def Info: figures/example_d=3_norm.png used on input line 92.
(pdftex.def)             Requested size: 101.90044pt x 80.03882pt.

Underfull \vbox (badness 10000) has occurred while \output is active []

 [3]
Overfull \hbox (10.58728pt too wide) in paragraph at lines 101--102
\OT1/qtm/m/n/10.95 main re-sults on the topic as well those newly dis-cov-ered 
re-sults of De-vriendt and Van Mieghem [[]].
 []


LaTeX Font Warning: Font shape `OMS/qtm/m/n' undefined
(Font)              using `OMS/cmsy/m/n' instead
(Font)              for symbol `textbullet' on input line 107.

[4 <./figures/example_d=2_graph.png> <./figures/example_d=2_comb.png> <./figure
s/example_d=2_norm.png> <./figures/example_d=3_graph.png> <./figures/example_d=
3_comb.png> <./figures/example_d=3_norm.png>]
<figures/correspondence.png, id=640, 898.35625pt x 335.2525pt>
File: figures/correspondence.png Graphic file (type png)

<use figures/correspondence.png>
Package pdftex.def Info: figures/correspondence.png used on input line 115.
(pdftex.def)             Requested size: 359.33614pt x 134.09862pt.

Underfull \vbox (badness 2096) has occurred while \output is active []

 [5 <./figures/correspondence.png>]
Overfull \hbox (0.26534pt too wide) in paragraph at lines 132--133
[]\OT1/qtm/b/n/10.95 Consequences for com-pu-ta-tional com-plex-ity. \OT1/qtm/m
/n/10.95 We ex-plore sev-eral con-se-quences for com-
 []

<figures/property_triangle.png, id=668, 330.23375pt x 187.70125pt>
File: figures/property_triangle.png Graphic file (type png)

<use figures/property_triangle.png>
Package pdftex.def Info: figures/property_triangle.png used on input line 146.
(pdftex.def)             Requested size: 165.11646pt x 93.85039pt.

Underfull \vbox (badness 6445) has occurred while \output is active []

 [6])
[7 <./figures/property_triangle.png>]
\openout2 = `background.aux'.

 (./background.tex [8



]
Chapter 2.

LaTeX Warning: Command \i invalid in math mode on input line 20.

[9] [10] [11] [12] [13]
Underfull \vbox (badness 10000) has occurred while \output is active []

 [14]
[15]
LaTeX Font Info:    Try loading font information for U+euf on input line 269.
 (/usr/local/texlive/2016/texmf-dist/tex/latex/amsfonts/ueuf.fd
File: ueuf.fd 2013/01/14 v3.01 Euler Fraktur
) [16]
[17] <../figures/simplices.png, id=830, 420.57124pt x 155.58125pt>
File: ../figures/simplices.png Graphic file (type png)

<use ../figures/simplices.png>
Package pdftex.def Info: ../figures/simplices.png used on input line 361.
(pdftex.def)             Requested size: 252.3447pt x 93.34946pt.

Overfull \hbox (53.96469pt too wide) in paragraph at lines 361--362
[][] 
 []

<figures/affine_independence.png, id=831, 295.1025pt x 125.46875pt>
File: figures/affine_independence.png Graphic file (type png)

<use figures/affine_independence.png>
Package pdftex.def Info: figures/affine_independence.png used on input line 368
.
(pdftex.def)             Requested size: 177.06285pt x 75.28181pt.
 [18 <../figures/simplices.png> <./figures/affine_independence.png>]
<figures/altitudes.png, id=841, 323.2075pt x 206.7725pt>
File: figures/altitudes.png Graphic file (type png)

<use figures/altitudes.png>
Package pdftex.def Info: figures/altitudes.png used on input line 422.
(pdftex.def)             Requested size: 161.60335pt x 103.38599pt.

<figures/faces.png, id=842, 303.1325pt x 197.73875pt>
File: figures/faces.png Graphic file (type png)
 <use figures/faces.png>
Package pdftex.def Info: figures/faces.png used on input line 429.
(pdftex.def)             Requested size: 151.56587pt x 98.86913pt.

Underfull \vbox (badness 10000) has occurred while \output is active []

 [19]
[20 <./figures/altitudes.png> <./figures/faces.png>]
<figures/dual_simplex.png, id=853, 602.25pt x 312.16624pt>
File: figures/dual_simplex.png Graphic file (type png)

<use figures/dual_simplex.png>
Package pdftex.def Info: figures/dual_simplex.png used on input line 480.
(pdftex.def)             Requested size: 240.89572pt x 124.86427pt.
 [21 <./figures/dual_simplex.png>] [22] [23]
<figures/angles.png, id=884, 634.37pt x 496.85625pt>
File: figures/angles.png Graphic file (type png)
 <use figures/angles.png>
Package pdftex.def Info: figures/angles.png used on input line 588.
(pdftex.def)             Requested size: 126.87175pt x 99.36948pt.
)
[24 <./figures/angles.png>]
\openout2 = `correspondence.aux'.

 (./correspondence.tex
Chapter 3.
[25



]
Overfull \hbox (20.6184pt too wide) in paragraph at lines 49--52
\OT1/qtm/m/n/10.95 We can thus as-so-ciate with $[][]$ a poly-tope $\OMS/qtm/m/
n/10.95 P[]$\OT1/qtm/m/n/10.95 , which has as its ver-tex ma-trix $[]\OT1/cmr/m
/n/10.95 (\OMS/qtm/m/n/10.95 P[]\OT1/cmr/m/n/10.95 ) = ([][]\OT1/cmr/bx/n/10.95
 ^^C[]\OT1/cmr/m/n/10.95 )[]$\OT1/qtm/m/n/10.95 ;
 []

[26] [27] [28] [29] [30] [31] [32]
<figures/GandH.png, id=963, 367.3725pt x 283.0575pt>
File: figures/GandH.png Graphic file (type png)
 <use figures/GandH.png>
Package pdftex.def Info: figures/GandH.png used on input line 289.
(pdftex.def)             Requested size: 110.21259pt x 84.9179pt.

<figures/GxH.png, id=964, 438.63875pt x 318.18875pt>
File: figures/GxH.png Graphic file (type png)
 <use figures/GxH.png>
Package pdftex.def Info: figures/GxH.png used on input line 294.
(pdftex.def)             Requested size: 131.59264pt x 95.45735pt.

[33 <./figures/GandH.png> <./figures/GxH.png>]
Underfull \vbox (badness 10000) has occurred while \output is active []

 [34]
[35] [36] [37] [38] <figures/HI_plane.png, id=1028, 232.87pt x 368.37625pt>
File: figures/HI_plane.png Graphic file (type png)

<use figures/HI_plane.png>
Package pdftex.def Info: figures/HI_plane.png used on input line 496.
(pdftex.def)             Requested size: 116.43471pt x 184.18767pt.
 [39 <./figures/HI_plane.png>] [40] [41]
Underfull \vbox (badness 1147) has occurred while \output is active []

 [42]
[43] [44] [45] [46] [47] [48]
<figures/Hin_plane.png, id=1135, 338.26375pt x 490.83376pt>
File: figures/Hin_plane.png Graphic file (type png)

<use figures/Hin_plane.png>
Package pdftex.def Info: figures/Hin_plane.png used on input line 824.
(pdftex.def)             Requested size: 101.4799pt x 147.25125pt.

<figures/Hin_plane2.png, id=1136, 250.9375pt x 248.93pt>
File: figures/Hin_plane2.png Graphic file (type png)

<use figures/Hin_plane2.png>
Package pdftex.def Info: figures/Hin_plane2.png used on input line 829.
(pdftex.def)             Requested size: 125.46843pt x 124.46469pt.
 [49 <./figures/Hin_plane.png> <./figures/Hin_plane2.png>] [50]) [51]
\openout2 = `further_properties.aux'.

 (./further_properties.tex [52



]
Chapter 4.
[53] [54]
Underfull \vbox (badness 1237) has occurred while \output is active []

 [55]
[56] [57] [58] [59] [60]
Overfull \hbox (1.75925pt too wide) in paragraph at lines 307--309
\OT1/qtm/m/n/10.95 where $[]\OT1/cmr/m/n/10.95 (\OML/cmm/m/it/10.95 ^^\\OT1/cmr
/m/n/10.95 )$ \OT1/qtm/m/n/10.95 is the sign of the per-mu-ta-tion. Now, for $\
OML/cmm/m/it/10.95 i [] U$\OT1/qtm/m/n/10.95 , the $\OML/cmm/m/it/10.95 i$\OT1/
qtm/m/n/10.95 -th row of $\OML/cmm/m/it/10.95 t\OT1/cmr/bx/n/10.95 I$ \OT1/qtm/
m/n/10.95 is $\OML/cmm/m/it/10.95 t[][]$\OT1/qtm/m/n/10.95 , so $\OT1/cmr/m/n/1
0.95 (\OML/cmm/m/it/10.95 t\OT1/cmr/bx/n/10.95 I\OT1/cmr/m/n/10.95 )[](\OML/cmm
/m/it/10.95 i; ^^\\OT1/cmr/m/n/10.95 (\OML/cmm/m/it/10.95 i\OT1/cmr/m/n/10.95 )
) =
 []


Underfull \vbox (badness 10000) has occurred while \output is active []

 [61]
[62] [63]
Overfull \hbox (28.36613pt too wide) in paragraph at lines 429--430
[]\OT1/qtm/m/n/10.95 Equation [] im-plies that $\OT1/cmr/m/n/10.95 (\OMS/qtm/m/
n/10.95 ^^@\OT1/cmr/m/n/10.95 1)[] [][][] = []([])(\OML/cmm/m/it/10.95 j; i\OT1
/cmr/m/n/10.95 ) = ^^@[]([][] 1\OML/cmm/m/it/10.95 =w\OT1/cmr/m/n/10.95 (\OML/c
mm/m/it/10.95 k\OT1/cmr/m/n/10.95 ))(\OML/cmm/m/it/10.95 w\OT1/cmr/m/n/10.95 (\
OML/cmm/m/it/10.95 i\OT1/cmr/m/n/10.95 )\OML/cmm/m/it/10.95 w\OT1/cmr/m/n/10.95
 (\OML/cmm/m/it/10.95 j\OT1/cmr/m/n/10.95 ))[]$\OT1/qtm/m/n/10.95 .
 []

[64] [65]

LaTeX Warning: Reference `eq:||sv_i||_vol' on page 66 undefined on input line 5
03.

[66]
Overfull \hbox (17.70844pt too wide) in paragraph at lines 564--565
\OT1/qtm/m/n/10.95 of the cuts as-so-ci-ated with the pseu-doin-verse. It was f
irst proved by De-vriendt and Van Mieghem [[]].
 []

[67] [68]
Overfull \hbox (10.44081pt too wide) in paragraph at lines 651--652
[]\OT1/qtm/m/n/10.95 Perhaps a more in-sight-ful rep-re-sen-ta-tion of $\OMS/qt
m/m/n/10.95 E\OT1/cmr/m/n/10.95 (\OMS/qtm/m/n/10.95 S[]\OT1/cmr/m/n/10.95 )$ \O
T1/qtm/m/n/10.95 comes from ap-peal-ing to Equa-tions [] and [],
 []


Overfull \hbox (10.7053pt too wide) in paragraph at lines 666--667
[]\OT1/qtm/m/n/10.95 Consider $\OMS/qtm/m/n/10.95 E\OT1/cmr/m/n/10.95 (\OMS/qtm
/m/n/10.95 S[]\OT1/cmr/m/n/10.95 )$\OT1/qtm/m/n/10.95 . The di-ag-o-nal ma-trix
 $[] \OT1/cmr/m/n/10.95 = \OT1/cmr/bx/n/10.95 ^^C[]\OT1/cmr/m/n/10.95 ([])[]$ \
OT1/qtm/m/n/10.95 has en-tries $\OML/cmm/m/it/10.95 D\OT1/cmr/m/n/10.95 (\OML/c
mm/m/it/10.95 i; i\OT1/cmr/m/n/10.95 ) = [][]([])[]$\OT1/qtm/m/n/10.95 ,
 []

<figures/ellipsoid_and_sphere.png, id=1378, 501.875pt x 322.20375pt>
File: figures/ellipsoid_and_sphere.png Graphic file (type png)

<use figures/ellipsoid_and_sphere.png>
Package pdftex.def Info: figures/ellipsoid_and_sphere.png used on input line 67
1.
(pdftex.def)             Requested size: 200.74643pt x 128.87921pt.
 [69]
Underfull \vbox (badness 10000) has occurred while \output is active []

 [70 <./figures/ellipsoid_and_sphere.png>] [71]
Underfull \vbox (badness 10000) has occurred while \output is active []

 [72]
<figures/res_embedding.png, id=1421, 467.7475pt x 182.6825pt>
File: figures/res_embedding.png Graphic file (type png)

<use figures/res_embedding.png>
Package pdftex.def Info: figures/res_embedding.png used on input line 782.
(pdftex.def)             Requested size: 233.87317pt x 91.34102pt.
 [73 <./figures/res_embedding.png>]
Underfull \vbox (badness 10000) has occurred while \output is active []

 [74]
<figures/dynamics1.png, id=1437, 185.0112pt x 146.34676pt>
File: figures/dynamics1.png Graphic file (type png)

<use figures/dynamics1.png>
Package pdftex.def Info: figures/dynamics1.png used on input line 851.
(pdftex.def)             Requested size: 111.00757pt x 87.80872pt.

<figures/dynamics3.png, id=1438, 355.5684pt x 287.27325pt>
File: figures/dynamics3.png Graphic file (type png)

<use figures/dynamics3.png>
Package pdftex.def Info: figures/dynamics3.png used on input line 856.
(pdftex.def)             Requested size: 142.22482pt x 114.90726pt.

Overfull \hbox (1.15042pt too wide) in paragraph at lines 856--857
 [][] 
 []

<figures/dynamics2.png, id=1439, 214.6419pt x 179.2296pt>
File: figures/dynamics2.png Graphic file (type png)

<use figures/dynamics2.png>
Package pdftex.def Info: figures/dynamics2.png used on input line 861.
(pdftex.def)             Requested size: 128.78613pt x 107.53857pt.
 [75 <./figures/dynamics1.png> <./figures/dynamics3.png> <./figures/dynamics2.p
ng>]) [76]
\openout2 = `algorithmic_implications.aux'.

 (./algorithmic_implications.tex
Chapter 5.
[77



] [78] <figures/NP_diagram.png, id=1475, 843.15pt x 493.845pt>
File: figures/NP_diagram.png Graphic file (type png)

<use figures/NP_diagram.png>
Package pdftex.def Info: figures/NP_diagram.png used on input line 43.
(pdftex.def)             Requested size: 236.08038pt x 138.27565pt.
 [79] [80 <./figures/NP_diagram.png>]
<figures/graph.png, id=1493, 227.85126pt x 180.675pt>
File: figures/graph.png Graphic file (type png)
 <use figures/graph.png>
Package pdftex.def Info: figures/graph.png used on input line 88.
(pdftex.def)             Requested size: 91.13889pt x 72.2687pt.

<figures/independent_sets.png, id=1494, 227.85126pt x 180.675pt>
File: figures/independent_sets.png Graphic file (type png)

<use figures/independent_sets.png>
Package pdftex.def Info: figures/independent_sets.png used on input line 93.
(pdftex.def)             Requested size: 91.13889pt x 72.2687pt.

<figures/cliques.png, id=1495, 227.85126pt x 180.675pt>
File: figures/cliques.png Graphic file (type png)

<use figures/cliques.png>
Package pdftex.def Info: figures/cliques.png used on input line 98.
(pdftex.def)             Requested size: 91.13889pt x 72.2687pt.

Underfull \vbox (badness 2744) has occurred while \output is active []

 [81 <./figures/graph.png> <./figures/independent_sets.png> <./figures/cliques.
png>]
[82] [83]
Overfull \hbox (0.25044pt too wide) in paragraph at lines 189--190
[][]\OT1/qtm/m/sc/10.95 Theorem \OT1/qtm/m/n/10.95 5.1\OT1/qtm/m/sc/10.95 . []\
OT1/qtm/m/it/10.95 De-cid-ing whether two hy-per-a-cute sim-plices are con-gru-
ent is Graph Iso-mor-phism Hard.
 []

[84] [85] [86] [87] [88] [89] [90]
Underfull \vbox (badness 10000) has occurred while \output is active []

 [91]
[92] [93] [94] [95]) [96]
\openout2 = `conclusion.aux'.

 (./conclusion.tex
Chapter 6.
[97



] [98]) [99] (./main.bbl [100


] [101] [102] [103] [104] [105]) [106]
\openout2 = `appendix.aux'.


(./appendix.tex
Appendix A.

Overfull \hbox (4.51419pt too wide) in paragraph at lines 10--11
[]\OT1/qtm/m/n/10.95 We be-gin by prov-ing unique-ness. Sup-pose $\OMS/qtm/m/n/
10.95 f\OT1/cmr/bx/n/10.95 u[]\OMS/qtm/m/n/10.95 g$ \OT1/qtm/m/n/10.95 and $\OM
S/qtm/m/n/10.95 f[][]g$ \OT1/qtm/m/n/10.95 are both biorthog-
 []


Overfull \hbox (77.10269pt too wide) in paragraph at lines 10--11
\OT1/qtm/m/n/10.95 o-nal bases of $\OMS/qtm/m/n/10.95 f\OT1/cmr/bx/n/10.95 v[]\
OMS/qtm/m/n/10.95 g$\OT1/qtm/m/n/10.95 . We will show that $\OT1/cmr/bx/n/10.95
 u[] \OT1/cmr/m/n/10.95 = [][]$ \OT1/qtm/m/n/10.95 for all $\OML/cmm/m/it/10.95
 i$\OT1/qtm/m/n/10.95 . Fix $\OML/cmm/m/it/10.95 i \OMS/qtm/m/n/10.95 2 \OT1/cm
r/m/n/10.95 [\OML/cmm/m/it/10.95 n\OT1/cmr/m/n/10.95 ]$\OT1/qtm/m/n/10.95 . By 
in-de-pen-dence, $[]\OT1/cmr/m/n/10.95 (\OT1/cmr/bx/n/10.95 v[]\OML/cmm/m/it/10
.95 ; [] ; \OT1/cmr/bx/n/10.95 v[]\OML/cmm/m/it/10.95 ; \OT1/cmr/bx/n/10.95 v[]
\OML/cmm/m/it/10.95 ; [] ; \OT1/cmr/bx/n/10.95 v[]\OT1/cmr/m/n/10.95 )$
 []


Underfull \vbox (badness 1675) has occurred while \output is active []

 [107


]

LaTeX Warning: Reference `eq:L=BTB' on page 108 undefined on input line 68.

[108]
Underfull \vbox (badness 6910) has occurred while \output is active []

 [109]
[110] [111] [112]
Underfull \vbox (badness 1057) has occurred while \output is active []

 [113]
Underfull \vbox (badness 10000) has occurred while \output is active []

 [114]
[115] [116]
Underfull \vbox (badness 6559) has occurred while \output is active []

 [117]
[118]
Appendix B.

Underfull \vbox (badness 10000) has occurred while \output is active []

 [119

]
[120]
Appendix C.
<figures/g1.png, id=1823, 245.91875pt x 224.84pt>
File: figures/g1.png Graphic file (type png)
 <use figures/g1.png>
Package pdftex.def Info: figures/g1.png used on input line 435.
(pdftex.def)             Requested size: 61.47952pt x 56.20985pt.

<figures/g2.png, id=1824, 245.91875pt x 224.84pt>
File: figures/g2.png Graphic file (type png)
 <use figures/g2.png>
Package pdftex.def Info: figures/g2.png used on input line 438.
(pdftex.def)             Requested size: 61.47952pt x 56.20985pt.

<figures/g3.png, id=1825, 245.91875pt x 224.84pt>
File: figures/g3.png Graphic file (type png)
 <use figures/g3.png>
Package pdftex.def Info: figures/g3.png used on input line 441.
(pdftex.def)             Requested size: 61.47952pt x 56.20985pt.

<figures/g4.png, id=1826, 245.91875pt x 224.84pt>
File: figures/g4.png Graphic file (type png)
 <use figures/g4.png>
Package pdftex.def Info: figures/g4.png used on input line 444.
(pdftex.def)             Requested size: 61.47952pt x 56.20985pt.

<figures/g5.png, id=1827, 245.91875pt x 224.84pt>
File: figures/g5.png Graphic file (type png)
 <use figures/g5.png>
Package pdftex.def Info: figures/g5.png used on input line 447.
(pdftex.def)             Requested size: 61.47952pt x 56.20985pt.

<figures/g6.png, id=1828, 245.91875pt x 224.84pt>
File: figures/g6.png Graphic file (type png)
 <use figures/g6.png>
Package pdftex.def Info: figures/g6.png used on input line 450.
(pdftex.def)             Requested size: 61.47952pt x 56.20985pt.

<figures/g1_comb.png, id=1829, 205.60815pt x 132.2541pt>
File: figures/g1_comb.png Graphic file (type png)

<use figures/g1_comb.png>
Package pdftex.def Info: figures/g1_comb.png used on input line 455.
(pdftex.def)             Requested size: 61.68292pt x 39.67653pt.

<figures/g2_comb.png, id=1830, 277.15546pt x 203.44005pt>
File: figures/g2_comb.png Graphic file (type png)

<use figures/g2_comb.png>
Package pdftex.def Info: figures/g2_comb.png used on input line 459.
(pdftex.def)             Requested size: 83.14726pt x 61.03247pt.

Overfull \hbox (12.61006pt too wide) in paragraph at lines 459--460
 [][] 
 []

<figures/g3_comb.png, id=1831, 191.15414pt x 171.64125pt>
File: figures/g3_comb.png Graphic file (type png)

<use figures/g3_comb.png>
Package pdftex.def Info: figures/g3_comb.png used on input line 463.
(pdftex.def)             Requested size: 57.34668pt x 51.49275pt.

<figures/g4_comb.png, id=1832, 206.6922pt x 171.64125pt>
File: figures/g4_comb.png Graphic file (type png)

<use figures/g4_comb.png>
Package pdftex.def Info: figures/g4_comb.png used on input line 467.
(pdftex.def)             Requested size: 62.00813pt x 51.49275pt.

<figures/g5_comb.png, id=1833, 196.5744pt x 215.72595pt>
File: figures/g5_comb.png Graphic file (type png)

<use figures/g5_comb.png>
Package pdftex.def Info: figures/g5_comb.png used on input line 471.
(pdftex.def)             Requested size: 58.97276pt x 64.71828pt.

<figures/g6_comb.png, id=1834, 209.94435pt x 159.7167pt>
File: figures/g6_comb.png Graphic file (type png)

<use figures/g6_comb.png>
Package pdftex.def Info: figures/g6_comb.png used on input line 475.
(pdftex.def)             Requested size: 62.98378pt x 47.91537pt.

<figures/g1_norm.png, id=1835, 181.75905pt x 164.7756pt>
File: figures/g1_norm.png Graphic file (type png)

<use figures/g1_norm.png>
Package pdftex.def Info: figures/g1_norm.png used on input line 480.
(pdftex.def)             Requested size: 54.52812pt x 49.43304pt.

<figures/g2_norm.png, id=1836, 211.7511pt x 165.13695pt>
File: figures/g2_norm.png Graphic file (type png)

<use figures/g2_norm.png>
Package pdftex.def Info: figures/g2_norm.png used on input line 484.
(pdftex.def)             Requested size: 63.5258pt x 49.54146pt.

<figures/g3_norm.png, id=1837, 202.356pt x 138.7584pt>
File: figures/g3_norm.png Graphic file (type png)

<use figures/g3_norm.png>
Package pdftex.def Info: figures/g3_norm.png used on input line 488.
(pdftex.def)             Requested size: 60.70726pt x 41.62784pt.

<figures/g4_norm.png, id=1838, 195.49036pt x 134.06085pt>
File: figures/g4_norm.png Graphic file (type png)

<use figures/g4_norm.png>
Package pdftex.def Info: figures/g4_norm.png used on input line 492.
(pdftex.def)             Requested size: 58.64755pt x 40.21855pt.

<figures/g5_norm.png, id=1839, 195.129pt x 180.31364pt>
File: figures/g5_norm.png Graphic file (type png)

<use figures/g5_norm.png>
Package pdftex.def Info: figures/g5_norm.png used on input line 496.
(pdftex.def)             Requested size: 58.53914pt x 54.0945pt.

<figures/g6_norm.png, id=1840, 179.9523pt x 161.1621pt>
File: figures/g6_norm.png Graphic file (type png)

<use figures/g6_norm.png>
Package pdftex.def Info: figures/g6_norm.png used on input line 500.
(pdftex.def)             Requested size: 53.9861pt x 48.349pt.

<figures/g1_norm_comb.png, id=1841, 209.583pt x 176.3388pt>
File: figures/g1_norm_comb.png Graphic file (type png)

<use figures/g1_norm_comb.png>
Package pdftex.def Info: figures/g1_norm_comb.png used on input line 506.
(pdftex.def)             Requested size: 62.87538pt x 52.90204pt.

<figures/g2_norm_comb.png, id=1842, 207.05354pt x 148.51485pt>
File: figures/g2_norm_comb.png Graphic file (type png)

<use figures/g2_norm_comb.png>
Package pdftex.def Info: figures/g2_norm_comb.png used on input line 510.
(pdftex.def)             Requested size: 62.11653pt x 44.55478pt.

<figures/g3_norm_comb.png, id=1843, 196.21304pt x 183.5658pt>
File: figures/g3_norm_comb.png Graphic file (type png)

<use figures/g3_norm_comb.png>
Package pdftex.def Info: figures/g3_norm_comb.png used on input line 514.
(pdftex.def)             Requested size: 58.86436pt x 55.07016pt.

<figures/g4_norm_comb.png, id=1844, 197.2971pt x 143.8173pt>
File: figures/g4_norm_comb.png Graphic file (type png)

<use figures/g4_norm_comb.png>
Package pdftex.def Info: figures/g4_norm_comb.png used on input line 518.
(pdftex.def)             Requested size: 59.18958pt x 43.14551pt.

<figures/g5_norm_comb.png, id=1845, 205.2468pt x 146.7081pt>
File: figures/g5_norm_comb.png Graphic file (type png)

<use figures/g5_norm_comb.png>
Package pdftex.def Info: figures/g5_norm_comb.png used on input line 522.
(pdftex.def)             Requested size: 61.57451pt x 44.01276pt.

<figures/g6_norm_comb.png, id=1846, 229.8186pt x 177.42285pt>
File: figures/g6_norm_comb.png Graphic file (type png)

<use figures/g6_norm_comb.png>
Package pdftex.def Info: figures/g6_norm_comb.png used on input line 526.
(pdftex.def)             Requested size: 68.9461pt x 53.22725pt.

<figures/g1_norm_comb_inv.png, id=1847, 211.38976pt x 186.81795pt>
File: figures/g1_norm_comb_inv.png Graphic file (type png)

<use figures/g1_norm_comb_inv.png>
Package pdftex.def Info: figures/g1_norm_comb_inv.png used on input line 531.
(pdftex.def)             Requested size: 63.4174pt x 56.0458pt.

<figures/g2_norm_comb_inv.png, id=1848, 197.2971pt x 153.9351pt>
File: figures/g2_norm_comb_inv.png Graphic file (type png)

<use figures/g2_norm_comb_inv.png>
Package pdftex.def Info: figures/g2_norm_comb_inv.png used on input line 535.
(pdftex.def)             Requested size: 59.18958pt x 46.18088pt.

<figures/g3_norm_comb_inv.png, id=1849, 236.3229pt x 160.4394pt>
File: figures/g3_norm_comb_inv.png Graphic file (type png)

<use figures/g3_norm_comb_inv.png>
Package pdftex.def Info: figures/g3_norm_comb_inv.png used on input line 539.
(pdftex.def)             Requested size: 70.8974pt x 48.13219pt.

<figures/g4_norm_comb_inv.png, id=1850, 215.72595pt x 154.6578pt>
File: figures/g4_norm_comb_inv.png Graphic file (type png)

<use figures/g4_norm_comb_inv.png>
Package pdftex.def Info: figures/g4_norm_comb_inv.png used on input line 543.
(pdftex.def)             Requested size: 64.71828pt x 46.39769pt.

<figures/g5_norm_comb_inv.png, id=1851, 221.1462pt x 146.7081pt>
File: figures/g5_norm_comb_inv.png Graphic file (type png)

<use figures/g5_norm_comb_inv.png>
Package pdftex.def Info: figures/g5_norm_comb_inv.png used on input line 547.
(pdftex.def)             Requested size: 66.34436pt x 44.01276pt.

<figures/g6_norm_comb_inv.png, id=1852, 198.7425pt x 160.80075pt>
File: figures/g6_norm_comb_inv.png Graphic file (type png)

<use figures/g6_norm_comb_inv.png>
Package pdftex.def Info: figures/g6_norm_comb_inv.png used on input line 551.
(pdftex.def)             Requested size: 59.6232pt x 48.24059pt.
) [121

 <./figures/g1.png> <./figures/g2.png> <./figures/g3.png> <./figures/g4.png> <.
/figures/g5.png> <./figures/g6.png> <./figures/g1_comb.png> <./figures/g2_comb.
png> <./figures/g3_comb.png> <./figures/g4_comb.png> <./figures/g5_comb.png> <.
/figures/g6_comb.png> <./figures/g1_norm.png> <./figures/g2_norm.png> <./figure
s/g3_norm.png> <./figures/g4_norm.png> <./figures/g5_norm.png> <./figures/g6_no
rm.png> <./figures/g1_norm_comb.png> <./figures/g2_norm_comb.png> <./figures/g3
_norm_comb.png> <./figures/g4_norm_comb.png> <./figures/g5_norm_comb.png> <./fi
gures/g6_norm_comb.png> <./figures/g1_norm_comb_inv.png> <./figures/g2_norm_com
b_inv.png> <./figures/g3_norm_comb_inv.png> <./figures/g4_norm_comb_inv.png> <.
/figures/g5_norm_comb_inv.png> <./figures/g6_norm_comb_inv.png>]
Package atveryend Info: Empty hook `BeforeClearDocument' on input line 78.
Package atveryend Info: Empty hook `AfterLastShipout' on input line 78.
 (./main.aux (./frontmatter/titlepage.aux)
(./frontmatter/abstract.aux) (./frontmatter/laysummary.aux)
(./frontmatter/acknowledgements.aux) (./frontmatter/nomenclature.aux)
(./introduction.aux) (./background.aux) (./correspondence.aux)
(./further_properties.aux) (./algorithmic_implications.aux) (./conclusion.aux)
(./appendix.aux))
Package atveryend Info: Executing hook `AtVeryEndDocument' on input line 78.
Package atveryend Info: Executing hook `AtEndAfterFileList' on input line 78.
Package rerunfilecheck Info: File `main.out' has not changed.
(rerunfilecheck)             Checksum: A56550372634775668717043B50F741B;3728.


LaTeX Font Warning: Some font shapes were not available, defaults substituted.


LaTeX Warning: There were undefined references.

Package atveryend Info: Empty hook `AtVeryVeryEnd' on input line 78.
 ) 
Here is how much of TeX's memory you used:
 18427 strings out of 493014
 312162 string characters out of 6133351
 413659 words of memory out of 5000000
 21102 multiletter control sequences out of 15000+600000
 61685 words of font info for 85 fonts, out of 8000000 for 9000
 1141 hyphenation exceptions out of 8191
 42i,21n,43p,10398b,501s stack positions out of 5000i,500n,10000p,200000b,80000s
pdfTeX warning (dest): name{Hfootnote.13} has been referenced but does not ex
ist, replaced by a fixed one

{/usr/local/texlive/2016/texmf-dist/fonts/enc/dvips/tex-gyre/q-rm.enc}{/usr/loc
al/texlive/2016/texmf-dist/fonts/enc/dvips/tex-gyre/q-rm-sc.enc}</usr/local/tex
live/2016/texmf-dist/fonts/type1/public/amsfonts/cm/cmbx10.pfb></usr/local/texl
ive/2016/texmf-dist/fonts/type1/public/amsfonts/cm/cmbx8.pfb></usr/local/texliv
e/2016/texmf-dist/fonts/type1/public/amsfonts/cm/cmbx9.pfb></usr/local/texlive/
2016/texmf-dist/fonts/type1/public/amsfonts/cm/cmex10.pfb></usr/local/texlive/2
016/texmf-dist/fonts/type1/public/amsfonts/cmextra/cmex8.pfb></usr/local/texliv
e/2016/texmf-dist/fonts/type1/public/amsfonts/cm/cmmi10.pfb></usr/local/texlive
/2016/texmf-dist/fonts/type1/public/amsfonts/cm/cmmi6.pfb></usr/local/texlive/2
016/texmf-dist/fonts/type1/public/amsfonts/cm/cmmi8.pfb></usr/local/texlive/201
6/texmf-dist/fonts/type1/public/amsfonts/cm/cmmi9.pfb></usr/local/texlive/2016/
texmf-dist/fonts/type1/public/amsfonts/cm/cmmib10.pfb></usr/local/texlive/2016/
texmf-dist/fonts/type1/public/amsfonts/cmextra/cmmib8.pfb></usr/local/texlive/2
016/texmf-dist/fonts/type1/public/amsfonts/cmextra/cmmib9.pfb></usr/local/texli
ve/2016/texmf-dist/fonts/type1/public/amsfonts/cm/cmr10.pfb></usr/local/texlive
/2016/texmf-dist/fonts/type1/public/amsfonts/cm/cmr5.pfb></usr/local/texlive/20
16/texmf-dist/fonts/type1/public/amsfonts/cm/cmr6.pfb></usr/local/texlive/2016/
texmf-dist/fonts/type1/public/amsfonts/cm/cmr8.pfb></usr/local/texlive/2016/tex
mf-dist/fonts/type1/public/amsfonts/cm/cmr9.pfb></usr/local/texlive/2016/texmf-
dist/fonts/type1/public/amsfonts/cm/cmss10.pfb></usr/local/texlive/2016/texmf-d
ist/fonts/type1/public/amsfonts/cm/cmsy10.pfb></usr/local/texlive/2016/texmf-di
st/fonts/type1/public/amsfonts/cm/cmsy6.pfb></usr/local/texlive/2016/texmf-dist
/fonts/type1/public/amsfonts/cm/cmsy8.pfb></usr/local/texlive/2016/texmf-dist/f
onts/type1/public/amsfonts/cm/cmsy9.pfb></usr/local/texlive/2016/texmf-dist/fon
ts/type1/public/amsfonts/euler/eufm10.pfb></usr/local/texlive/2016/texmf-dist/f
onts/type1/public/amsfonts/symbols/msam10.pfb></usr/local/texlive/2016/texmf-di
st/fonts/type1/public/amsfonts/symbols/msbm10.pfb></usr/local/texlive/2016/texm
f-dist/fonts/type1/public/tex-gyre/qtmb.pfb></usr/local/texlive/2016/texmf-dist
/fonts/type1/public/tex-gyre/qtmbi.pfb></usr/local/texlive/2016/texmf-dist/font
s/type1/public/tex-gyre/qtmr.pfb></usr/local/texlive/2016/texmf-dist/fonts/type
1/public/tex-gyre/qtmri.pfb>
Output written on main.pdf (135 pages, 2184760 bytes).
PDF statistics:
 2088 PDF objects out of 2487 (max. 8388607)
 1798 compressed objects within 18 object streams
 520 named destinations out of 1000 (max. 500000)
 744 words of extra memory for PDF output out of 10000 (max. 10000000)

