\BOOKMARK [0][-]{chapter*.1}{Abstract}{}% 1
\BOOKMARK [0][-]{chapter*.2}{Lay Summary}{}% 2
\BOOKMARK [0][-]{chapter*.3}{Acknowledgements}{}% 3
\BOOKMARK [0][-]{section*.5}{List of Figures}{}% 4
\BOOKMARK [0][-]{chapter*.7}{Nomenclature}{}% 5
\BOOKMARK [0][-]{chapter.1}{Introduction}{}% 6
\BOOKMARK [1][-]{section.1.1}{Think about}{chapter.1}% 7
\BOOKMARK [1][-]{section.1.2}{Prior Work}{chapter.1}% 8
\BOOKMARK [1][-]{section.1.3}{Contribution}{chapter.1}% 9
\BOOKMARK [0][-]{chapter.2}{Background and Fundamentals}{}% 10
\BOOKMARK [1][-]{section.2.1}{General Notation}{chapter.2}% 11
\BOOKMARK [1][-]{section.2.2}{Linear Algebra}{chapter.2}% 12
\BOOKMARK [2][-]{subsection.2.2.1}{Pseudoinverse}{section.2.2}% 13
\BOOKMARK [1][-]{section.2.3}{Spectral Graph Theory}{chapter.2}% 14
\BOOKMARK [2][-]{subsection.2.3.1}{Laplacian Matrices}{section.2.3}% 15
\BOOKMARK [2][-]{subsection.2.3.2}{The Laplacian Spectrum}{section.2.3}% 16
\BOOKMARK [1][-]{section.2.4}{Electrical Flows}{chapter.2}% 17
\BOOKMARK [1][-]{section.2.5}{Simplices}{chapter.2}% 18
\BOOKMARK [2][-]{subsection.2.5.1}{Dual Simplex}{section.2.5}% 19
\BOOKMARK [2][-]{subsection.2.5.2}{Angles in a Simplex}{section.2.5}% 20
\BOOKMARK [0][-]{chapter.3}{The Graph-Simplex Correspondence}{}% 21
\BOOKMARK [1][-]{section.3.1}{Convex Polyhedra of Matrices}{chapter.3}% 22
\BOOKMARK [2][-]{subsection.3.1.1}{The Inverse Polytope}{section.3.1}% 23
\BOOKMARK [2][-]{subsection.3.1.2}{The Simplex of a Graph}{section.3.1}% 24
\BOOKMARK [2][-]{subsection.3.1.3}{The Graph of a Simplex}{section.3.1}% 25
\BOOKMARK [1][-]{section.3.2}{Simplices of Special Graphs}{chapter.3}% 26
\BOOKMARK [2][-]{subsection.3.2.1}{Examples}{section.3.2}% 27
\BOOKMARK [1][-]{section.3.3}{Properties of the Combinatorial Simplex and its inverse}{chapter.3}% 28
\BOOKMARK [1][-]{section.3.4}{Properties of the normalized Simplex and and its inverse}{chapter.3}% 29
\BOOKMARK [1][-]{section.3.5}{Construction via Extended Menger and Gramian}{chapter.3}% 30
\BOOKMARK [1][-]{section.3.6}{Inequalities}{chapter.3}% 31
\BOOKMARK [1][-]{section.3.7}{Quadrics}{chapter.3}% 32
\BOOKMARK [1][-]{section.3.8}{Random Walks}{chapter.3}% 33
\BOOKMARK [2][-]{subsection.3.8.1}{Discrete Time Random Walks}{section.3.8}% 34
\BOOKMARK [2][-]{subsection.3.8.2}{Continuous Time Random Walks}{section.3.8}% 35
\BOOKMARK [2][-]{subsection.3.8.3}{mixing time}{section.3.8}% 36
\BOOKMARK [0][-]{chapter.4}{Algorithmics}{}% 37
\BOOKMARK [1][-]{section.4.1}{Preliminaries}{chapter.4}% 38
\BOOKMARK [1][-]{section.4.2}{Computational Complexity}{chapter.4}% 39
\BOOKMARK [1][-]{section.4.3}{There and Back Again: A Tale of Graphs to Simplices}{chapter.4}% 40
\BOOKMARK [2][-]{subsection.4.3.1}{Precise Mappings}{section.4.3}% 41
\BOOKMARK [2][-]{subsection.4.3.2}{Approximations}{section.4.3}% 42
\BOOKMARK [0][-]{chapter.5}{Conclusion}{}% 43
\BOOKMARK [1][-]{section.5.1}{Open Problems and Future Directions}{chapter.5}% 44
